<?xml version="1.0" encoding="UTF-8"?>
<testng-results skipped="0" failed="1" ignored="347" total="350" passed="2">
  <reporter-output>
  </reporter-output>
  <suite name="Suite" duration-ms="182335" started-at="2023-03-06T08:33:24Z" finished-at="2023-03-06T08:36:27Z">
    <groups>
      <group name="Route of administration">
        <method signature="CrossBrowserTesting.filterRecords_routeOfAdministration()[pri:291, instance:com.testCases.CrossBrowserTesting@617faa95]" name="filterRecords_routeOfAdministration" class="com.testCases.CrossBrowserTesting"/>
        <method signature="CrossBrowserTesting.routeOfAdministration_Validation()[pri:290, instance:com.testCases.CrossBrowserTesting@617faa95]" name="routeOfAdministration_Validation" class="com.testCases.CrossBrowserTesting"/>
      </group> <!-- Route of administration -->
      <group name="Common">
        <method signature="CrossBrowserTesting.urlLaunch(java.lang.String)[pri:0, instance:com.testCases.CrossBrowserTesting@617faa95]" name="urlLaunch" class="com.testCases.CrossBrowserTesting"/>
      </group> <!-- Common -->
    </groups>
    <test name="ChromeTest" duration-ms="182335" started-at="2023-03-06T08:33:24Z" finished-at="2023-03-06T08:36:27Z">
      <class name="com.testCases.CrossBrowserTesting">
        <test-method status="PASS" signature="reportsGeneration()[pri:0, instance:com.testCases.CrossBrowserTesting@617faa95]" name="reportsGeneration" is-config="true" duration-ms="8" started-at="2023-03-06T08:33:25Z" finished-at="2023-03-06T08:33:25Z">
          <reporter-output>
          </reporter-output>
        </test-method> <!-- reportsGeneration -->
        <test-method status="PASS" signature="urlLaunch(java.lang.String)[pri:0, instance:com.testCases.CrossBrowserTesting@617faa95]" name="urlLaunch" duration-ms="13294" started-at="2023-03-06T08:33:25Z" finished-at="2023-03-06T08:33:38Z">
          <params>
            <param index="0">
              <value>
                <![CDATA[chrome]]>
              </value>
            </param>
          </params>
          <reporter-output>
          </reporter-output>
        </test-method> <!-- urlLaunch -->
        <test-method status="PASS" signature="routeOfAdministration_Validation()[pri:290, instance:com.testCases.CrossBrowserTesting@617faa95]" name="routeOfAdministration_Validation" duration-ms="127832" started-at="2023-03-06T08:33:38Z" finished-at="2023-03-06T08:35:46Z">
          <reporter-output>
          </reporter-output>
        </test-method> <!-- routeOfAdministration_Validation -->
        <test-method status="FAIL" signature="filterRecords_routeOfAdministration()[pri:291, instance:com.testCases.CrossBrowserTesting@617faa95]" name="filterRecords_routeOfAdministration" duration-ms="28771" started-at="2023-03-06T08:35:46Z" finished-at="2023-03-06T08:36:15Z">
          <exception class="org.openqa.selenium.ElementClickInterceptedException">
            <message>
              <![CDATA[element click intercepted: Element <span class="mat-radio-container">...</span> is not clickable at point (1094, 120). Other element would receive the click: <div _ngcontent-ild-c58="" class="busy-indicator ng-star-inserted">...</div>
  (Session info: chrome=110.0.5481.178)
Build info: version: '3.141.59', revision: 'e82be7d358', time: '2018-11-14T08:17:03'
System info: host: 'MAC-AZR-228', ip: '10.212.134.211', os.name: 'Windows 10', os.arch: 'amd64', os.version: '10.0', java.version: '1.8.0_202'
Driver info: org.openqa.selenium.chrome.ChromeDriver
Capabilities {acceptInsecureCerts: false, browserName: chrome, browserVersion: 110.0.5481.178, chrome: {chromedriverVersion: 110.0.5481.77 (65ed616c6e8e..., userDataDir: C:\Users\SHEHAN~1\AppData\L...}, goog:chromeOptions: {debuggerAddress: localhost:57583}, javascriptEnabled: true, networkConnectionEnabled: false, pageLoadStrategy: normal, platform: WINDOWS, platformName: WINDOWS, proxy: Proxy(), setWindowRect: true, strictFileInteractability: false, timeouts: {implicit: 0, pageLoad: 300000, script: 30000}, unhandledPromptBehavior: dismiss and notify, webauthn:extension:credBlob: true, webauthn:extension:largeBlob: true, webauthn:virtualAuthenticators: true}
Session ID: 091fb2cf80b830571caadcda77f3ab48]]>
            </message>
            <full-stacktrace>
              <![CDATA[org.openqa.selenium.ElementClickInterceptedException: element click intercepted: Element <span class="mat-radio-container">...</span> is not clickable at point (1094, 120). Other element would receive the click: <div _ngcontent-ild-c58="" class="busy-indicator ng-star-inserted">...</div>
  (Session info: chrome=110.0.5481.178)
Build info: version: '3.141.59', revision: 'e82be7d358', time: '2018-11-14T08:17:03'
System info: host: 'MAC-AZR-228', ip: '10.212.134.211', os.name: 'Windows 10', os.arch: 'amd64', os.version: '10.0', java.version: '1.8.0_202'
Driver info: org.openqa.selenium.chrome.ChromeDriver
Capabilities {acceptInsecureCerts: false, browserName: chrome, browserVersion: 110.0.5481.178, chrome: {chromedriverVersion: 110.0.5481.77 (65ed616c6e8e..., userDataDir: C:\Users\SHEHAN~1\AppData\L...}, goog:chromeOptions: {debuggerAddress: localhost:57583}, javascriptEnabled: true, networkConnectionEnabled: false, pageLoadStrategy: normal, platform: WINDOWS, platformName: WINDOWS, proxy: Proxy(), setWindowRect: true, strictFileInteractability: false, timeouts: {implicit: 0, pageLoad: 300000, script: 30000}, unhandledPromptBehavior: dismiss and notify, webauthn:extension:credBlob: true, webauthn:extension:largeBlob: true, webauthn:virtualAuthenticators: true}
Session ID: 091fb2cf80b830571caadcda77f3ab48
at sun.reflect.NativeConstructorAccessorImpl.newInstance0(Native Method)
at sun.reflect.NativeConstructorAccessorImpl.newInstance(NativeConstructorAccessorImpl.java:62)
at sun.reflect.DelegatingConstructorAccessorImpl.newInstance(DelegatingConstructorAccessorImpl.java:45)
at java.lang.reflect.Constructor.newInstance(Constructor.java:423)
at org.openqa.selenium.remote.http.W3CHttpResponseCodec.createException(W3CHttpResponseCodec.java:187)
at org.openqa.selenium.remote.http.W3CHttpResponseCodec.decode(W3CHttpResponseCodec.java:122)
at org.openqa.selenium.remote.http.W3CHttpResponseCodec.decode(W3CHttpResponseCodec.java:49)
at org.openqa.selenium.remote.HttpCommandExecutor.execute(HttpCommandExecutor.java:158)
at org.openqa.selenium.remote.service.DriverCommandExecutor.execute(DriverCommandExecutor.java:83)
at org.openqa.selenium.remote.RemoteWebDriver.execute(RemoteWebDriver.java:552)
at org.openqa.selenium.remote.RemoteWebElement.execute(RemoteWebElement.java:285)
at org.openqa.selenium.remote.RemoteWebElement.click(RemoteWebElement.java:84)
at com.baseClass.BaseClass_Logibec.clickActiveFilter(BaseClass_Logibec.java:677)
at com.testCases.CrossBrowserTesting.filterRecords_routeOfAdministration(CrossBrowserTesting.java:19721)
at sun.reflect.NativeMethodAccessorImpl.invoke0(Native Method)
at sun.reflect.NativeMethodAccessorImpl.invoke(NativeMethodAccessorImpl.java:62)
at sun.reflect.DelegatingMethodAccessorImpl.invoke(DelegatingMethodAccessorImpl.java:43)
at java.lang.reflect.Method.invoke(Method.java:498)
at org.testng.internal.MethodInvocationHelper.invokeMethod(MethodInvocationHelper.java:124)
at org.testng.internal.Invoker.invokeMethod(Invoker.java:583)
at org.testng.internal.Invoker.invokeTestMethod(Invoker.java:719)
at org.testng.internal.Invoker.invokeTestMethods(Invoker.java:989)
at org.testng.internal.TestMethodWorker.invokeTestMethods(TestMethodWorker.java:125)
at org.testng.internal.TestMethodWorker.run(TestMethodWorker.java:109)
at org.testng.TestRunner.privateRun(TestRunner.java:648)
at org.testng.TestRunner.run(TestRunner.java:505)
at org.testng.SuiteRunner.runTest(SuiteRunner.java:455)
at org.testng.SuiteRunner.runSequentially(SuiteRunner.java:450)
at org.testng.SuiteRunner.privateRun(SuiteRunner.java:415)
at org.testng.SuiteRunner.run(SuiteRunner.java:364)
at org.testng.SuiteRunnerWorker.runSuite(SuiteRunnerWorker.java:52)
at org.testng.SuiteRunnerWorker.run(SuiteRunnerWorker.java:84)
at org.testng.TestNG.runSuitesSequentially(TestNG.java:1208)
at org.testng.TestNG.runSuitesLocally(TestNG.java:1137)
at org.testng.TestNG.runSuites(TestNG.java:1049)
at org.testng.TestNG.run(TestNG.java:1017)
at org.testng.remote.AbstractRemoteTestNG.run(AbstractRemoteTestNG.java:115)
at org.testng.remote.RemoteTestNG.initAndRun(RemoteTestNG.java:251)
at org.testng.remote.RemoteTestNG.main(RemoteTestNG.java:77)
]]>
            </full-stacktrace>
          </exception> <!-- org.openqa.selenium.ElementClickInterceptedException -->
          <reporter-output>
          </reporter-output>
        </test-method> <!-- filterRecords_routeOfAdministration -->
        <test-method status="PASS" signature="afterClass()[pri:0, instance:com.testCases.CrossBrowserTesting@617faa95]" name="afterClass" is-config="true" duration-ms="566" started-at="2023-03-06T08:36:26Z" finished-at="2023-03-06T08:36:27Z">
          <reporter-output>
          </reporter-output>
        </test-method> <!-- afterClass -->
      </class> <!-- com.testCases.CrossBrowserTesting -->
    </test> <!-- ChromeTest -->
  </suite> <!-- Suite -->
</testng-results>
