<?xml version="1.0" encoding="UTF-8"?>
<!-- Generated by org.testng.reporters.JUnitXMLReporter -->
<testsuite hostname="MAC-AZR-228" ignored="347" name="ChromeTest" tests="3" failures="1" timestamp="06 Mar 2023 08:36:27 GMT" time="182.335" errors="0">
  <testcase name="urlLaunch" time="13.294" classname="com.testCases.CrossBrowserTesting"/>
  <testcase name="routeOfAdministration_Validation" time="127.832" classname="com.testCases.CrossBrowserTesting"/>
  <testcase name="filterRecords_routeOfAdministration" time="28.771" classname="com.testCases.CrossBrowserTesting">
    <failure type="org.openqa.selenium.ElementClickInterceptedException" message="element click intercepted: Element &amp;lt;span class=&amp;quot;mat-radio-container&amp;quot;&amp;gt;...&amp;lt;/span&amp;gt; is not clickable at point (1094, 120). Other element would receive the click: &amp;lt;div _ngcontent-ild-c58=&amp;quot;&amp;quot; class=&amp;quot;busy-indicator ng-star-inserted&amp;quot;&amp;gt;...&amp;lt;/div&amp;gt;
  (Session info: chrome=110.0.5481.178)
Build info: version: &amp;apos;3.141.59&amp;apos;, revision: &amp;apos;e82be7d358&amp;apos;, time: &amp;apos;2018-11-14T08:17:03&amp;apos;
System info: host: &amp;apos;MAC-AZR-228&amp;apos;, ip: &amp;apos;10.212.134.211&amp;apos;, os.name: &amp;apos;Windows 10&amp;apos;, os.arch: &amp;apos;amd64&amp;apos;, os.version: &amp;apos;10.0&amp;apos;, java.version: &amp;apos;1.8.0_202&amp;apos;
Driver info: org.openqa.selenium.chrome.ChromeDriver
Capabilities {acceptInsecureCerts: false, browserName: chrome, browserVersion: 110.0.5481.178, chrome: {chromedriverVersion: 110.0.5481.77 (65ed616c6e8e..., userDataDir: C:\Users\SHEHAN~1\AppData\L...}, goog:chromeOptions: {debuggerAddress: localhost:57583}, javascriptEnabled: true, networkConnectionEnabled: false, pageLoadStrategy: normal, platform: WINDOWS, platformName: WINDOWS, proxy: Proxy(), setWindowRect: true, strictFileInteractability: false, timeouts: {implicit: 0, pageLoad: 300000, script: 30000}, unhandledPromptBehavior: dismiss and notify, webauthn:extension:credBlob: true, webauthn:extension:largeBlob: true, webauthn:virtualAuthenticators: true}
Session ID: 091fb2cf80b830571caadcda77f3ab48">
      <![CDATA[org.openqa.selenium.ElementClickInterceptedException: element click intercepted: Element <span class="mat-radio-container">...</span> is not clickable at point (1094, 120). Other element would receive the click: <div _ngcontent-ild-c58="" class="busy-indicator ng-star-inserted">...</div>
  (Session info: chrome=110.0.5481.178)
Build info: version: '3.141.59', revision: 'e82be7d358', time: '2018-11-14T08:17:03'
System info: host: 'MAC-AZR-228', ip: '10.212.134.211', os.name: 'Windows 10', os.arch: 'amd64', os.version: '10.0', java.version: '1.8.0_202'
Driver info: org.openqa.selenium.chrome.ChromeDriver
Capabilities {acceptInsecureCerts: false, browserName: chrome, browserVersion: 110.0.5481.178, chrome: {chromedriverVersion: 110.0.5481.77 (65ed616c6e8e..., userDataDir: C:\Users\SHEHAN~1\AppData\L...}, goog:chromeOptions: {debuggerAddress: localhost:57583}, javascriptEnabled: true, networkConnectionEnabled: false, pageLoadStrategy: normal, platform: WINDOWS, platformName: WINDOWS, proxy: Proxy(), setWindowRect: true, strictFileInteractability: false, timeouts: {implicit: 0, pageLoad: 300000, script: 30000}, unhandledPromptBehavior: dismiss and notify, webauthn:extension:credBlob: true, webauthn:extension:largeBlob: true, webauthn:virtualAuthenticators: true}
Session ID: 091fb2cf80b830571caadcda77f3ab48
at org.openqa.selenium.remote.http.W3CHttpResponseCodec.createException(W3CHttpResponseCodec.java:187)
at org.openqa.selenium.remote.http.W3CHttpResponseCodec.decode(W3CHttpResponseCodec.java:122)
at org.openqa.selenium.remote.http.W3CHttpResponseCodec.decode(W3CHttpResponseCodec.java:49)
at org.openqa.selenium.remote.HttpCommandExecutor.execute(HttpCommandExecutor.java:158)
at org.openqa.selenium.remote.service.DriverCommandExecutor.execute(DriverCommandExecutor.java:83)
at org.openqa.selenium.remote.RemoteWebDriver.execute(RemoteWebDriver.java:552)
at org.openqa.selenium.remote.RemoteWebElement.execute(RemoteWebElement.java:285)
at org.openqa.selenium.remote.RemoteWebElement.click(RemoteWebElement.java:84)
at com.baseClass.BaseClass_Logibec.clickActiveFilter(BaseClass_Logibec.java:677)
at com.testCases.CrossBrowserTesting.filterRecords_routeOfAdministration(CrossBrowserTesting.java:19721)
... Removed 29 stack frames]]>
    </failure>
  </testcase> <!-- filterRecords_routeOfAdministration -->
  <testcase name="createingNewRecordOxygenadministrationflow" time="0.0" classname="com.testCases.CrossBrowserTesting">
    <ignored/>
  </testcase> <!-- createingNewRecordOxygenadministrationflow -->
  <testcase name="navigateToExam" time="0.0" classname="com.testCases.CrossBrowserTesting">
    <ignored/>
  </testcase> <!-- navigateToExam -->
  <testcase name="createingNewRecordInformationsources" time="0.0" classname="com.testCases.CrossBrowserTesting">
    <ignored/>
  </testcase> <!-- createingNewRecordInformationsources -->
  <testcase name="createingNewRecordTransferPatientlist" time="0.0" classname="com.testCases.CrossBrowserTesting">
    <ignored/>
  </testcase> <!-- createingNewRecordTransferPatientlist -->
  <testcase name="ConsultationCancelReason_Validation" time="0.0" classname="com.testCases.CrossBrowserTesting">
    <ignored/>
  </testcase> <!-- ConsultationCancelReason_Validation -->
  <testcase name="CMDValidation" time="0.0" classname="com.testCases.CrossBrowserTesting">
    <ignored/>
  </testcase> <!-- CMDValidation -->
  <testcase name="StretcherBedInBoard_FilteringAndDeletion" time="0.0" classname="com.testCases.CrossBrowserTesting">
    <ignored/>
  </testcase> <!-- StretcherBedInBoard_FilteringAndDeletion -->
  <testcase name="navigateToAbsencereasonsColors" time="0.0" classname="com.testCases.CrossBrowserTesting">
    <ignored/>
  </testcase> <!-- navigateToAbsencereasonsColors -->
  <testcase name="createingNewRecordTransferEscort" time="0.0" classname="com.testCases.CrossBrowserTesting">
    <ignored/>
  </testcase> <!-- createingNewRecordTransferEscort -->
  <testcase name="navigateToLifecontext" time="0.0" classname="com.testCases.CrossBrowserTesting">
    <ignored/>
  </testcase> <!-- navigateToLifecontext -->
  <testcase name="navigateToFormPrintManagerScreen" time="0.0" classname="com.testCases.CrossBrowserTesting">
    <ignored/>
  </testcase> <!-- navigateToFormPrintManagerScreen -->
  <testcase name="duplicateErrorValiadtionDiet" time="0.0" classname="com.testCases.CrossBrowserTesting">
    <ignored/>
  </testcase> <!-- duplicateErrorValiadtionDiet -->
  <testcase name="negativeDefaultErrorValiadtionInformationsources" time="0.0" classname="com.testCases.CrossBrowserTesting">
    <ignored/>
  </testcase> <!-- negativeDefaultErrorValiadtionInformationsources -->
  <testcase name="filterRecords_Accident" time="0.0" classname="com.testCases.CrossBrowserTesting">
    <ignored/>
  </testcase> <!-- filterRecords_Accident -->
  <testcase name="navigateToDischargePlanningstatus" time="0.0" classname="com.testCases.CrossBrowserTesting">
    <ignored/>
  </testcase> <!-- navigateToDischargePlanningstatus -->
  <testcase name="navigateToTriageComplaintsConfigurationAdult" time="0.0" classname="com.testCases.CrossBrowserTesting">
    <ignored/>
  </testcase> <!-- navigateToTriageComplaintsConfigurationAdult -->
  <testcase name="TriageStation_filterAndDeletion" time="0.0" classname="com.testCases.CrossBrowserTesting">
    <ignored/>
  </testcase> <!-- TriageStation_filterAndDeletion -->
  <testcase name="duplicateErrorValiadtionDischargePlanningstatus" time="0.0" classname="com.testCases.CrossBrowserTesting">
    <ignored/>
  </testcase> <!-- duplicateErrorValiadtionDischargePlanningstatus -->
  <testcase name="triageProtocols_Validation" time="0.0" classname="com.testCases.CrossBrowserTesting">
    <ignored/>
  </testcase> <!-- triageProtocols_Validation -->
  <testcase name="navigateToPAB" time="0.0" classname="com.testCases.CrossBrowserTesting">
    <ignored/>
  </testcase> <!-- navigateToPAB -->
  <testcase name="medicalNoteWordFormValidation" time="0.0" classname="com.testCases.CrossBrowserTesting">
    <ignored/>
  </testcase> <!-- medicalNoteWordFormValidation -->
  <testcase name="Schedule_Validation" time="0.0" classname="com.testCases.CrossBrowserTesting">
    <ignored/>
  </testcase> <!-- Schedule_Validation -->
  <testcase name="accidentGroupsValidation" time="0.0" classname="com.testCases.CrossBrowserTesting">
    <ignored/>
  </testcase> <!-- accidentGroupsValidation -->
  <testcase name="createingNewRecordDischargePlanningstatus" time="0.0" classname="com.testCases.CrossBrowserTesting">
    <ignored/>
  </testcase> <!-- createingNewRecordDischargePlanningstatus -->
  <testcase name="InstitutionValidation" time="0.0" classname="com.testCases.CrossBrowserTesting">
    <ignored/>
  </testcase> <!-- InstitutionValidation -->
  <testcase name="createingNewRecordConsultant" time="0.0" classname="com.testCases.CrossBrowserTesting">
    <ignored/>
  </testcase> <!-- createingNewRecordConsultant -->
  <testcase name="StationAlarmManagement_filterAndDeletion" time="0.0" classname="com.testCases.CrossBrowserTesting">
    <ignored/>
  </testcase> <!-- StationAlarmManagement_filterAndDeletion -->
  <testcase name="createingNewRecordUrineDipstick" time="0.0" classname="com.testCases.CrossBrowserTesting">
    <ignored/>
  </testcase> <!-- createingNewRecordUrineDipstick -->
  <testcase name="codeColumnsValidationDiet" time="0.0" classname="com.testCases.CrossBrowserTesting">
    <ignored/>
  </testcase> <!-- codeColumnsValidationDiet -->
  <testcase name="functionalityValidationOfCategory" time="0.0" classname="com.testCases.CrossBrowserTesting">
    <ignored/>
  </testcase> <!-- functionalityValidationOfCategory -->
  <testcase name="navigateToAH280" time="0.0" classname="com.testCases.CrossBrowserTesting">
    <ignored/>
  </testcase> <!-- navigateToAH280 -->
  <testcase name="serviceCliniqueAndConsultationWindow_Verification" time="0.0" classname="com.testCases.CrossBrowserTesting">
    <ignored/>
  </testcase> <!-- serviceCliniqueAndConsultationWindow_Verification -->
  <testcase name="sortingAndDeletingDischargePlanningstatus" time="0.0" classname="com.testCases.CrossBrowserTesting">
    <ignored/>
  </testcase> <!-- sortingAndDeletingDischargePlanningstatus -->
  <testcase name="filterRecords_Frequency" time="0.0" classname="com.testCases.CrossBrowserTesting">
    <ignored/>
  </testcase> <!-- filterRecords_Frequency -->
  <testcase name="createingNewRecordVentilators" time="0.0" classname="com.testCases.CrossBrowserTesting">
    <ignored/>
  </testcase> <!-- createingNewRecordVentilators -->
  <testcase name="duplicateErrorValiadtionConsultationplanning" time="0.0" classname="com.testCases.CrossBrowserTesting">
    <ignored/>
  </testcase> <!-- duplicateErrorValiadtionConsultationplanning -->
  <testcase name="triageProtocols_filterAndDeletion" time="0.0" classname="com.testCases.CrossBrowserTesting">
    <ignored/>
  </testcase> <!-- triageProtocols_filterAndDeletion -->
  <testcase name="codeColumnsValidationTransferTransportation" time="0.0" classname="com.testCases.CrossBrowserTesting">
    <ignored/>
  </testcase> <!-- codeColumnsValidationTransferTransportation -->
  <testcase name="verifyingTheIngredient" time="0.0" classname="com.testCases.CrossBrowserTesting">
    <ignored/>
  </testcase> <!-- verifyingTheIngredient -->
  <testcase name="sortingAndDeletingAbsencereasons" time="0.0" classname="com.testCases.CrossBrowserTesting">
    <ignored/>
  </testcase> <!-- sortingAndDeletingAbsencereasons -->
  <testcase name="sortingAndDeletingLifecontext" time="0.0" classname="com.testCases.CrossBrowserTesting">
    <ignored/>
  </testcase> <!-- sortingAndDeletingLifecontext -->
  <testcase name="listOfProtocols_Validation" time="0.0" classname="com.testCases.CrossBrowserTesting">
    <ignored/>
  </testcase> <!-- listOfProtocols_Validation -->
  <testcase name="navigateToAbsenceReasonsScreeninTools" time="0.0" classname="com.testCases.CrossBrowserTesting">
    <ignored/>
  </testcase> <!-- navigateToAbsenceReasonsScreeninTools -->
  <testcase name="duplicateErrorValiadtionSensitivitytoAllergens" time="0.0" classname="com.testCases.CrossBrowserTesting">
    <ignored/>
  </testcase> <!-- duplicateErrorValiadtionSensitivitytoAllergens -->
  <testcase name="sortingAndDeletingHospitalizationReasonforcancellation" time="0.0" classname="com.testCases.CrossBrowserTesting">
    <ignored/>
  </testcase> <!-- sortingAndDeletingHospitalizationReasonforcancellation -->
  <testcase name="navigateToAbsencereasons" time="0.0" classname="com.testCases.CrossBrowserTesting">
    <ignored/>
  </testcase> <!-- navigateToAbsencereasons -->
  <testcase name="navigateToTransferTransportation" time="0.0" classname="com.testCases.CrossBrowserTesting">
    <ignored/>
  </testcase> <!-- navigateToTransferTransportation -->
  <testcase name="sortingAndDeletingAbsencereasonsColors" time="0.0" classname="com.testCases.CrossBrowserTesting">
    <ignored/>
  </testcase> <!-- sortingAndDeletingAbsencereasonsColors -->
  <testcase name="codeColumnsValidationBloodpressureQualitative" time="0.0" classname="com.testCases.CrossBrowserTesting">
    <ignored/>
  </testcase> <!-- codeColumnsValidationBloodpressureQualitative -->
  <testcase name="verifyingTheFilterSpecialActivitiesConfiguration" time="0.0" classname="com.testCases.CrossBrowserTesting">
    <ignored/>
  </testcase> <!-- verifyingTheFilterSpecialActivitiesConfiguration -->
  <testcase name="duplicateErrorValiadtionReturnhomeReferredServices" time="0.0" classname="com.testCases.CrossBrowserTesting">
    <ignored/>
  </testcase> <!-- duplicateErrorValiadtionReturnhomeReferredServices -->
  <testcase name="VerifyingTheErrorsSpecialActivitiesConfiguration" time="0.0" classname="com.testCases.CrossBrowserTesting">
    <ignored/>
  </testcase> <!-- VerifyingTheErrorsSpecialActivitiesConfiguration -->
  <testcase name="duplicateErrorValiadtionLWBSReasons" time="0.0" classname="com.testCases.CrossBrowserTesting">
    <ignored/>
  </testcase> <!-- duplicateErrorValiadtionLWBSReasons -->
  <testcase name="createingNewRecordNeurologicalSigns" time="0.0" classname="com.testCases.CrossBrowserTesting">
    <ignored/>
  </testcase> <!-- createingNewRecordNeurologicalSigns -->
  <testcase name="createingNewCategory" time="0.0" classname="com.testCases.CrossBrowserTesting">
    <ignored/>
  </testcase> <!-- createingNewCategory -->
  <testcase name="listOfQuickPrescriptionRX_Validation" time="0.0" classname="com.testCases.CrossBrowserTesting">
    <ignored/>
  </testcase> <!-- listOfQuickPrescriptionRX_Validation -->
  <testcase name="codeColumnsValidationReturnhomeTypesofdischarge" time="0.0" classname="com.testCases.CrossBrowserTesting">
    <ignored/>
  </testcase> <!-- codeColumnsValidationReturnhomeTypesofdischarge -->
  <testcase name="createingNewRecordSummaryofCare" time="0.0" classname="com.testCases.CrossBrowserTesting">
    <ignored/>
  </testcase> <!-- createingNewRecordSummaryofCare -->
  <testcase name="naviagteToAllergensCategory" time="0.0" classname="com.testCases.CrossBrowserTesting">
    <ignored/>
  </testcase> <!-- naviagteToAllergensCategory -->
  <testcase name="createingNewRecordConsultationplanning" time="0.0" classname="com.testCases.CrossBrowserTesting">
    <ignored/>
  </testcase> <!-- createingNewRecordConsultationplanning -->
  <testcase name="navigateToInstitutionmissions" time="0.0" classname="com.testCases.CrossBrowserTesting">
    <ignored/>
  </testcase> <!-- navigateToInstitutionmissions -->
  <testcase name="createingNewRecordReturnhomeReferredServices" time="0.0" classname="com.testCases.CrossBrowserTesting">
    <ignored/>
  </testcase> <!-- createingNewRecordReturnhomeReferredServices -->
  <testcase name="duplicateErrorValiadtionReturnVisitReasons" time="0.0" classname="com.testCases.CrossBrowserTesting">
    <ignored/>
  </testcase> <!-- duplicateErrorValiadtionReturnVisitReasons -->
  <testcase name="StretcherBedInBoard_Creation" time="0.0" classname="com.testCases.CrossBrowserTesting">
    <ignored/>
  </testcase> <!-- StretcherBedInBoard_Creation -->
  <testcase name="listOfQuickPrescriptionOtherItems_Validation" time="0.0" classname="com.testCases.CrossBrowserTesting">
    <ignored/>
  </testcase> <!-- listOfQuickPrescriptionOtherItems_Validation -->
  <testcase name="sortingAndDeletingRespiratoryrateQualitative" time="0.0" classname="com.testCases.CrossBrowserTesting">
    <ignored/>
  </testcase> <!-- sortingAndDeletingRespiratoryrateQualitative -->
  <testcase name="navigateToIntakeOutput" time="0.0" classname="com.testCases.CrossBrowserTesting">
    <ignored/>
  </testcase> <!-- navigateToIntakeOutput -->
  <testcase name="navigateToInternalOrderForced" time="0.0" classname="com.testCases.CrossBrowserTesting">
    <ignored/>
  </testcase> <!-- navigateToInternalOrderForced -->
  <testcase name="listOfProtocols_ProtocolsInclus" time="0.0" classname="com.testCases.CrossBrowserTesting">
    <ignored/>
  </testcase> <!-- listOfProtocols_ProtocolsInclus -->
  <testcase name="duplicateErrorValiadtionInstitutionmissions" time="0.0" classname="com.testCases.CrossBrowserTesting">
    <ignored/>
  </testcase> <!-- duplicateErrorValiadtionInstitutionmissions -->
  <testcase name="checkingCodecolumn" time="0.0" classname="com.testCases.CrossBrowserTesting">
    <ignored/>
  </testcase> <!-- checkingCodecolumn -->
  <testcase name="navigateToReorientedDepartureReasonforRefusal" time="0.0" classname="com.testCases.CrossBrowserTesting">
    <ignored/>
  </testcase> <!-- navigateToReorientedDepartureReasonforRefusal -->
  <testcase name="stretcherBedValidation" time="0.0" classname="com.testCases.CrossBrowserTesting">
    <ignored/>
  </testcase> <!-- stretcherBedValidation -->
  <testcase name="navigateToComparative" time="0.0" classname="com.testCases.CrossBrowserTesting">
    <ignored/>
  </testcase> <!-- navigateToComparative -->
  <testcase name="duplicateErrorValiadtionOxygenadministrationmethod" time="0.0" classname="com.testCases.CrossBrowserTesting">
    <ignored/>
  </testcase> <!-- duplicateErrorValiadtionOxygenadministrationmethod -->
  <testcase name="navigateToUrineDipstick" time="0.0" classname="com.testCases.CrossBrowserTesting">
    <ignored/>
  </testcase> <!-- navigateToUrineDipstick -->
  <testcase name="navigateToGasResultsCorrespondence" time="0.0" classname="com.testCases.CrossBrowserTesting">
    <ignored/>
  </testcase> <!-- navigateToGasResultsCorrespondence -->
  <testcase name="createingNewRecordInternalOrderForced" time="0.0" classname="com.testCases.CrossBrowserTesting">
    <ignored/>
  </testcase> <!-- createingNewRecordInternalOrderForced -->
  <testcase name="navigateToOxygenadministrationmethod" time="0.0" classname="com.testCases.CrossBrowserTesting">
    <ignored/>
  </testcase> <!-- navigateToOxygenadministrationmethod -->
  <testcase name="Unit_filterRecords_Verification" time="0.0" classname="com.testCases.CrossBrowserTesting">
    <ignored/>
  </testcase> <!-- Unit_filterRecords_Verification -->
  <testcase name="navigateToDosagegroupsScreen" time="0.0" classname="com.testCases.CrossBrowserTesting">
    <ignored/>
  </testcase> <!-- navigateToDosagegroupsScreen -->
  <testcase name="createingNewRecordAbsencereasons" time="0.0" classname="com.testCases.CrossBrowserTesting">
    <ignored/>
  </testcase> <!-- createingNewRecordAbsencereasons -->
  <testcase name="sortingAndDeletingReturnhomeTypesofdischarge" time="0.0" classname="com.testCases.CrossBrowserTesting">
    <ignored/>
  </testcase> <!-- sortingAndDeletingReturnhomeTypesofdischarge -->
  <testcase name="creatingNewRecordPerfusionTyp" time="0.0" classname="com.testCases.CrossBrowserTesting">
    <ignored/>
  </testcase> <!-- creatingNewRecordPerfusionTyp -->
  <testcase name="newBoardConfigurationValidation" time="0.0" classname="com.testCases.CrossBrowserTesting">
    <ignored/>
  </testcase> <!-- newBoardConfigurationValidation -->
  <testcase name="negativeDefaultErrorValiadtion" time="0.0" classname="com.testCases.CrossBrowserTesting">
    <ignored/>
  </testcase> <!-- negativeDefaultErrorValiadtion -->
  <testcase name="OWordDocumentBookmarks" time="0.0" classname="com.testCases.CrossBrowserTesting">
    <ignored/>
  </testcase> <!-- OWordDocumentBookmarks -->
  <testcase name="listOfQuickPrescriptionSheet_filterRecords" time="0.0" classname="com.testCases.CrossBrowserTesting">
    <ignored/>
  </testcase> <!-- listOfQuickPrescriptionSheet_filterRecords -->
  <testcase name="sortingAndDeletingHeartrateQualitative" time="0.0" classname="com.testCases.CrossBrowserTesting">
    <ignored/>
  </testcase> <!-- sortingAndDeletingHeartrateQualitative -->
  <testcase name="codeColumnsValidationLifecontext" time="0.0" classname="com.testCases.CrossBrowserTesting">
    <ignored/>
  </testcase> <!-- codeColumnsValidationLifecontext -->
  <testcase name="duplicateErrorValiadtionHospitalizationReasonforcancellation" time="0.0" classname="com.testCases.CrossBrowserTesting">
    <ignored/>
  </testcase> <!-- duplicateErrorValiadtionHospitalizationReasonforcancellation -->
  <testcase name="navigateToHospitalizationReasonforcancellation" time="0.0" classname="com.testCases.CrossBrowserTesting">
    <ignored/>
  </testcase> <!-- navigateToHospitalizationReasonforcancellation -->
  <testcase name="codeColumnsValidationHeartrateQualitative" time="0.0" classname="com.testCases.CrossBrowserTesting">
    <ignored/>
  </testcase> <!-- codeColumnsValidationHeartrateQualitative -->
  <testcase name="newDoctorCreation" time="0.0" classname="com.testCases.CrossBrowserTesting">
    <ignored/>
  </testcase> <!-- newDoctorCreation -->
  <testcase name="navigateToActivitiesforPABworkplan" time="0.0" classname="com.testCases.CrossBrowserTesting">
    <ignored/>
  </testcase> <!-- navigateToActivitiesforPABworkplan -->
  <testcase name="navigateToSummaryofCarer" time="0.0" classname="com.testCases.CrossBrowserTesting">
    <ignored/>
  </testcase> <!-- navigateToSummaryofCarer -->
  <testcase name="StatsByConfiguration_Creation" time="0.0" classname="com.testCases.CrossBrowserTesting">
    <ignored/>
  </testcase> <!-- StatsByConfiguration_Creation -->
  <testcase name="sortingAndDeletingOxygenadministrationflow" time="0.0" classname="com.testCases.CrossBrowserTesting">
    <ignored/>
  </testcase> <!-- sortingAndDeletingOxygenadministrationflow -->
  <testcase name="Consultation_Creation" time="0.0" classname="com.testCases.CrossBrowserTesting">
    <ignored/>
  </testcase> <!-- Consultation_Creation -->
  <testcase name="duplicateErrorVentilators" time="0.0" classname="com.testCases.CrossBrowserTesting">
    <ignored/>
  </testcase> <!-- duplicateErrorVentilators -->
  <testcase name="navigateToPerfusionTypeScreen" time="0.0" classname="com.testCases.CrossBrowserTesting">
    <ignored/>
  </testcase> <!-- navigateToPerfusionTypeScreen -->
  <testcase name="navigateToReasonsForCodeOrange" time="0.0" classname="com.testCases.CrossBrowserTesting">
    <ignored/>
  </testcase> <!-- navigateToReasonsForCodeOrange -->
  <testcase name="sortingAndDeletingInstitutionmissions" time="0.0" classname="com.testCases.CrossBrowserTesting">
    <ignored/>
  </testcase> <!-- sortingAndDeletingInstitutionmissions -->
  <testcase name="listOfProtocols_ExamLabs" time="0.0" classname="com.testCases.CrossBrowserTesting">
    <ignored/>
  </testcase> <!-- listOfProtocols_ExamLabs -->
  <testcase name="sortingAndDeletingReturnVisitReasons" time="0.0" classname="com.testCases.CrossBrowserTesting">
    <ignored/>
  </testcase> <!-- sortingAndDeletingReturnVisitReasons -->
  <testcase name="navigateToReorientedDepartureAlternativeRessource" time="0.0" classname="com.testCases.CrossBrowserTesting">
    <ignored/>
  </testcase> <!-- navigateToReorientedDepartureAlternativeRessource -->
  <testcase name="sortingAndDeletingGasResultsCorrespondence" time="0.0" classname="com.testCases.CrossBrowserTesting">
    <ignored/>
  </testcase> <!-- sortingAndDeletingGasResultsCorrespondence -->
  <testcase name="filteringRecords" time="0.0" classname="com.testCases.CrossBrowserTesting">
    <ignored/>
  </testcase> <!-- filteringRecords -->
  <testcase name="codeColumnsValidationOxygenadministrationmethod" time="0.0" classname="com.testCases.CrossBrowserTesting">
    <ignored/>
  </testcase> <!-- codeColumnsValidationOxygenadministrationmethod -->
  <testcase name="duplicateErrorValiadtionTransferTransportation" time="0.0" classname="com.testCases.CrossBrowserTesting">
    <ignored/>
  </testcase> <!-- duplicateErrorValiadtionTransferTransportation -->
  <testcase name="sortingAndDeletingTransferTransportation" time="0.0" classname="com.testCases.CrossBrowserTesting">
    <ignored/>
  </testcase> <!-- sortingAndDeletingTransferTransportation -->
  <testcase name="filterAndDeletingRecords" time="0.0" classname="com.testCases.CrossBrowserTesting">
    <ignored/>
  </testcase> <!-- filterAndDeletingRecords -->
  <testcase name="filterRecords_OACISAdditionalInformation" time="0.0" classname="com.testCases.CrossBrowserTesting">
    <ignored/>
  </testcase> <!-- filterRecords_OACISAdditionalInformation -->
  <testcase name="validatingCodecolumn" time="0.0" classname="com.testCases.CrossBrowserTesting">
    <ignored/>
  </testcase> <!-- validatingCodecolumn -->
  <testcase name="createingNewRecord" time="0.0" classname="com.testCases.CrossBrowserTesting">
    <ignored/>
  </testcase> <!-- createingNewRecord -->
  <testcase name="createingNewRecordReasonsofConsultation" time="0.0" classname="com.testCases.CrossBrowserTesting">
    <ignored/>
  </testcase> <!-- createingNewRecordReasonsofConsultation -->
  <testcase name="createingNewRecordTemperatureQualitative" time="0.0" classname="com.testCases.CrossBrowserTesting">
    <ignored/>
  </testcase> <!-- createingNewRecordTemperatureQualitative -->
  <testcase name="sortingAndDeletingTransferEscort" time="0.0" classname="com.testCases.CrossBrowserTesting">
    <ignored/>
  </testcase> <!-- sortingAndDeletingTransferEscort -->
  <testcase name="sortingAndDeletingConsultationplanning" time="0.0" classname="com.testCases.CrossBrowserTesting">
    <ignored/>
  </testcase> <!-- sortingAndDeletingConsultationplanning -->
  <testcase name="filterRecords_ActivitiesCancelReason" time="0.0" classname="com.testCases.CrossBrowserTesting">
    <ignored/>
  </testcase> <!-- filterRecords_ActivitiesCancelReason -->
  <testcase name="sortingAndDeletingSeverity" time="0.0" classname="com.testCases.CrossBrowserTesting">
    <ignored/>
  </testcase> <!-- sortingAndDeletingSeverity -->
  <testcase name="VerifyingTheErrorsSpecialActivitiesAssociation" time="0.0" classname="com.testCases.CrossBrowserTesting">
    <ignored/>
  </testcase> <!-- VerifyingTheErrorsSpecialActivitiesAssociation -->
  <testcase name="validatingColumnsTriageComplaintsConfigurationAdult" time="0.0" classname="com.testCases.CrossBrowserTesting">
    <ignored/>
  </testcase> <!-- validatingColumnsTriageComplaintsConfigurationAdult -->
  <testcase name="BriefAssessment_filterRecords" time="0.0" classname="com.testCases.CrossBrowserTesting">
    <ignored/>
  </testcase> <!-- BriefAssessment_filterRecords -->
  <testcase name="codeColumnsValidationReturnhomeReferredServices" time="0.0" classname="com.testCases.CrossBrowserTesting">
    <ignored/>
  </testcase> <!-- codeColumnsValidationReturnhomeReferredServices -->
  <testcase name="navigateToInformationsources" time="0.0" classname="com.testCases.CrossBrowserTesting">
    <ignored/>
  </testcase> <!-- navigateToInformationsources -->
  <testcase name="absenceReason_Validation" time="0.0" classname="com.testCases.CrossBrowserTesting">
    <ignored/>
  </testcase> <!-- absenceReason_Validation -->
  <testcase name="consultNoteWordFormValidation" time="0.0" classname="com.testCases.CrossBrowserTesting">
    <ignored/>
  </testcase> <!-- consultNoteWordFormValidation -->
  <testcase name="filter_records_TicketTerminal" time="0.0" classname="com.testCases.CrossBrowserTesting">
    <ignored/>
  </testcase> <!-- filter_records_TicketTerminal -->
  <testcase name="sortingAndDeletingOxygenadministrationmethod" time="0.0" classname="com.testCases.CrossBrowserTesting">
    <ignored/>
  </testcase> <!-- sortingAndDeletingOxygenadministrationmethod -->
  <testcase name="navigateToAllergicsreaction" time="0.0" classname="com.testCases.CrossBrowserTesting">
    <ignored/>
  </testcase> <!-- navigateToAllergicsreaction -->
  <testcase name="sortingAndDeletingClinicalstatus" time="0.0" classname="com.testCases.CrossBrowserTesting">
    <ignored/>
  </testcase> <!-- sortingAndDeletingClinicalstatus -->
  <testcase name="UnitAndRoleAllocation" time="0.0" classname="com.testCases.CrossBrowserTesting">
    <ignored/>
  </testcase> <!-- UnitAndRoleAllocation -->
  <testcase name="createingNewRecordCriticalPatients" time="0.0" classname="com.testCases.CrossBrowserTesting">
    <ignored/>
  </testcase> <!-- createingNewRecordCriticalPatients -->
  <testcase name="duplicateErrorValiadtionLifecontext" time="0.0" classname="com.testCases.CrossBrowserTesting">
    <ignored/>
  </testcase> <!-- duplicateErrorValiadtionLifecontext -->
  <testcase name="duplicateErrorValiadtionActivitiesforPABworkplan" time="0.0" classname="com.testCases.CrossBrowserTesting">
    <ignored/>
  </testcase> <!-- duplicateErrorValiadtionActivitiesforPABworkplan -->
  <testcase name="controlPointScreenValidation" time="0.0" classname="com.testCases.CrossBrowserTesting">
    <ignored/>
  </testcase> <!-- controlPointScreenValidation -->
  <testcase name="associationOfAlarm" time="0.0" classname="com.testCases.CrossBrowserTesting">
    <ignored/>
  </testcase> <!-- associationOfAlarm -->
  <testcase name="Score_Validation" time="0.0" classname="com.testCases.CrossBrowserTesting">
    <ignored/>
  </testcase> <!-- Score_Validation -->
  <testcase name="verifyingTheError" time="0.0" classname="com.testCases.CrossBrowserTesting">
    <ignored/>
  </testcase> <!-- verifyingTheError -->
  <testcase name="listOfQuickPrescriptionSection_filterRecords" time="0.0" classname="com.testCases.CrossBrowserTesting">
    <ignored/>
  </testcase> <!-- listOfQuickPrescriptionSection_filterRecords -->
  <testcase name="createTicketTerminalManagement" time="0.0" classname="com.testCases.CrossBrowserTesting">
    <ignored/>
  </testcase> <!-- createTicketTerminalManagement -->
  <testcase name="createingNewRecordAbsenceReasonsScreeninTools" time="0.0" classname="com.testCases.CrossBrowserTesting">
    <ignored/>
  </testcase> <!-- createingNewRecordAbsenceReasonsScreeninTools -->
  <testcase name="duplicateErrorValiadtionRespiratoryrateQualitative" time="0.0" classname="com.testCases.CrossBrowserTesting">
    <ignored/>
  </testcase> <!-- duplicateErrorValiadtionRespiratoryrateQualitative -->
  <testcase name="createingNewRecordReorientedDepartureReasonforRefusal" time="0.0" classname="com.testCases.CrossBrowserTesting">
    <ignored/>
  </testcase> <!-- createingNewRecordReorientedDepartureReasonforRefusal -->
  <testcase name="TriageStationsManagementvalidation_Creation" time="0.0" classname="com.testCases.CrossBrowserTesting">
    <ignored/>
  </testcase> <!-- TriageStationsManagementvalidation_Creation -->
  <testcase name="creatingNewRecordExam" time="0.0" classname="com.testCases.CrossBrowserTesting">
    <ignored/>
  </testcase> <!-- creatingNewRecordExam -->
  <testcase name="createingNewRecordLifecontext" time="0.0" classname="com.testCases.CrossBrowserTesting">
    <ignored/>
  </testcase> <!-- createingNewRecordLifecontext -->
  <testcase name="configurationValidation" time="0.0" classname="com.testCases.CrossBrowserTesting">
    <ignored/>
  </testcase> <!-- configurationValidation -->
  <testcase name="navigateToAllergiesType" time="0.0" classname="com.testCases.CrossBrowserTesting">
    <ignored/>
  </testcase> <!-- navigateToAllergiesType -->
  <testcase name="sortingAndDeletingVentilators" time="0.0" classname="com.testCases.CrossBrowserTesting">
    <ignored/>
  </testcase> <!-- sortingAndDeletingVentilators -->
  <testcase name="listOfQuickPrescriptionRX_filterRecords" time="0.0" classname="com.testCases.CrossBrowserTesting">
    <ignored/>
  </testcase> <!-- listOfQuickPrescriptionRX_filterRecords -->
  <testcase name="navigateToVitalSign" time="0.0" classname="com.testCases.CrossBrowserTesting">
    <ignored/>
  </testcase> <!-- navigateToVitalSign -->
  <testcase name="sortingAndDeletingElementsNoteWordForm" time="0.0" classname="com.testCases.CrossBrowserTesting">
    <ignored/>
  </testcase> <!-- sortingAndDeletingElementsNoteWordForm -->
  <testcase name="functionalityValidation" time="0.0" classname="com.testCases.CrossBrowserTesting">
    <ignored/>
  </testcase> <!-- functionalityValidation -->
  <testcase name="codeColumnsValidationTransferEscort" time="0.0" classname="com.testCases.CrossBrowserTesting">
    <ignored/>
  </testcase> <!-- codeColumnsValidationTransferEscort -->
  <testcase name="creatingNewRecord" time="0.0" classname="com.testCases.CrossBrowserTesting">
    <ignored/>
  </testcase> <!-- creatingNewRecord -->
  <testcase name="navigateToOrdonnanceInterne" time="0.0" classname="com.testCases.CrossBrowserTesting">
    <ignored/>
  </testcase> <!-- navigateToOrdonnanceInterne -->
  <testcase name="duplicateErrorValiadtionProvenance" time="0.0" classname="com.testCases.CrossBrowserTesting">
    <ignored/>
  </testcase> <!-- duplicateErrorValiadtionProvenance -->
  <testcase name="duplicateErrorAbsencereasons" time="0.0" classname="com.testCases.CrossBrowserTesting">
    <ignored/>
  </testcase> <!-- duplicateErrorAbsencereasons -->
  <testcase name="createUsersValidation" time="0.0" classname="com.testCases.CrossBrowserTesting">
    <ignored/>
  </testcase> <!-- createUsersValidation -->
  <testcase name="duplicateErrorValiadtion" time="0.0" classname="com.testCases.CrossBrowserTesting">
    <ignored/>
  </testcase> <!-- duplicateErrorValiadtion -->
  <testcase name="filterRecords_absenceReason" time="0.0" classname="com.testCases.CrossBrowserTesting">
    <ignored/>
  </testcase> <!-- filterRecords_absenceReason -->
  <testcase name="verifyingTheFilterSpecialActivitiesAssociation" time="0.0" classname="com.testCases.CrossBrowserTesting">
    <ignored/>
  </testcase> <!-- verifyingTheFilterSpecialActivitiesAssociation -->
  <testcase name="navigateToUnitsScreen" time="0.0" classname="com.testCases.CrossBrowserTesting">
    <ignored/>
  </testcase> <!-- navigateToUnitsScreen -->
  <testcase name="orderColumnsValidationActivitiesforPABworkplan" time="0.0" classname="com.testCases.CrossBrowserTesting">
    <ignored/>
  </testcase> <!-- orderColumnsValidationActivitiesforPABworkplan -->
  <testcase name="createingNewRecordOxygenadministrationmethod" time="0.0" classname="com.testCases.CrossBrowserTesting">
    <ignored/>
  </testcase> <!-- createingNewRecordOxygenadministrationmethod -->
  <testcase name="navigateToDischargeOrder" time="0.0" classname="com.testCases.CrossBrowserTesting">
    <ignored/>
  </testcase> <!-- navigateToDischargeOrder -->
  <testcase name="StatsConfiguration_filterAndDeletion" time="0.0" classname="com.testCases.CrossBrowserTesting">
    <ignored/>
  </testcase> <!-- StatsConfiguration_filterAndDeletion -->
  <testcase name="filterRecords_AccidentGroups" time="0.0" classname="com.testCases.CrossBrowserTesting">
    <ignored/>
  </testcase> <!-- filterRecords_AccidentGroups -->
  <testcase name="creatingNewRecordSpecialActivitiesAssociation" time="0.0" classname="com.testCases.CrossBrowserTesting">
    <ignored/>
  </testcase> <!-- creatingNewRecordSpecialActivitiesAssociation -->
  <testcase name="perfusionSite_filterRecords" time="0.0" classname="com.testCases.CrossBrowserTesting">
    <ignored/>
  </testcase> <!-- perfusionSite_filterRecords -->
  <testcase name="createingNewRecordClinicalstatus" time="0.0" classname="com.testCases.CrossBrowserTesting">
    <ignored/>
  </testcase> <!-- createingNewRecordClinicalstatus -->
  <testcase name="creatingNewRecordDosagegroups" time="0.0" classname="com.testCases.CrossBrowserTesting">
    <ignored/>
  </testcase> <!-- creatingNewRecordDosagegroups -->
  <testcase name="codeColumnsValidationReorientedDepartureReasonforRefusal" time="0.0" classname="com.testCases.CrossBrowserTesting">
    <ignored/>
  </testcase> <!-- codeColumnsValidationReorientedDepartureReasonforRefusal -->
  <testcase name="verifyingTheFilterFormPrintManager" time="0.0" classname="com.testCases.CrossBrowserTesting">
    <ignored/>
  </testcase> <!-- verifyingTheFilterFormPrintManager -->
  <testcase name="createingNewRecordSeverity" time="0.0" classname="com.testCases.CrossBrowserTesting">
    <ignored/>
  </testcase> <!-- createingNewRecordSeverity -->
  <testcase name="Unit_Creation" time="0.0" classname="com.testCases.CrossBrowserTesting">
    <ignored/>
  </testcase> <!-- Unit_Creation -->
  <testcase name="navigateTOMedicationconfiguration" time="0.0" classname="com.testCases.CrossBrowserTesting">
    <ignored/>
  </testcase> <!-- navigateTOMedicationconfiguration -->
  <testcase name="filterRecords_ConsultationCancelReason" time="0.0" classname="com.testCases.CrossBrowserTesting">
    <ignored/>
  </testcase> <!-- filterRecords_ConsultationCancelReason -->
  <testcase name="duplicateErrorValiadtionInformationsources" time="0.0" classname="com.testCases.CrossBrowserTesting">
    <ignored/>
  </testcase> <!-- duplicateErrorValiadtionInformationsources -->
  <testcase name="createCustomNoteWordFormValidation" time="0.0" classname="com.testCases.CrossBrowserTesting">
    <ignored/>
  </testcase> <!-- createCustomNoteWordFormValidation -->
  <testcase name="createingNewRecordComparative" time="0.0" classname="com.testCases.CrossBrowserTesting">
    <ignored/>
  </testcase> <!-- createingNewRecordComparative -->
  <testcase name="sortingAndDeleting" time="0.0" classname="com.testCases.CrossBrowserTesting">
    <ignored/>
  </testcase> <!-- sortingAndDeleting -->
  <testcase name="creatingNewParagraph" time="0.0" classname="com.testCases.CrossBrowserTesting">
    <ignored/>
  </testcase> <!-- creatingNewParagraph -->
  <testcase name="rolesScreen" time="0.0" classname="com.testCases.CrossBrowserTesting">
    <ignored/>
  </testcase> <!-- rolesScreen -->
  <testcase name="Consultation_filterAndDeletion" time="0.0" classname="com.testCases.CrossBrowserTesting">
    <ignored/>
  </testcase> <!-- Consultation_filterAndDeletion -->
  <testcase name="filterRecords_StretcherBedCategories" time="0.0" classname="com.testCases.CrossBrowserTesting">
    <ignored/>
  </testcase> <!-- filterRecords_StretcherBedCategories -->
  <testcase name="TransferReason_Creation" time="0.0" classname="com.testCases.CrossBrowserTesting">
    <ignored/>
  </testcase> <!-- TransferReason_Creation -->
  <testcase name="checkingFilterfunction" time="0.0" classname="com.testCases.CrossBrowserTesting">
    <ignored/>
  </testcase> <!-- checkingFilterfunction -->
  <testcase name="navigateToScreeningToolsConfiguration" time="0.0" classname="com.testCases.CrossBrowserTesting">
    <ignored/>
  </testcase> <!-- navigateToScreeningToolsConfiguration -->
  <testcase name="creatingNewRecordFormPrintManager" time="0.0" classname="com.testCases.CrossBrowserTesting">
    <ignored/>
  </testcase> <!-- creatingNewRecordFormPrintManager -->
  <testcase name="createingNewRecordLeavingmedicationt" time="0.0" classname="com.testCases.CrossBrowserTesting">
    <ignored/>
  </testcase> <!-- createingNewRecordLeavingmedicationt -->
  <testcase name="listOfQuickPrescriptionOtherItems_filterRecords" time="0.0" classname="com.testCases.CrossBrowserTesting">
    <ignored/>
  </testcase> <!-- listOfQuickPrescriptionOtherItems_filterRecords -->
  <testcase name="duplicateErrorValiadtionReturnhomeTypesofdischarge" time="0.0" classname="com.testCases.CrossBrowserTesting">
    <ignored/>
  </testcase> <!-- duplicateErrorValiadtionReturnhomeTypesofdischarge -->
  <testcase name="ArrivalModeValidation" time="0.0" classname="com.testCases.CrossBrowserTesting">
    <ignored/>
  </testcase> <!-- ArrivalModeValidation -->
  <testcase name="createingNewRecordPAB" time="0.0" classname="com.testCases.CrossBrowserTesting">
    <ignored/>
  </testcase> <!-- createingNewRecordPAB -->
  <testcase name="AccidentValidation" time="0.0" classname="com.testCases.CrossBrowserTesting">
    <ignored/>
  </testcase> <!-- AccidentValidation -->
  <testcase name="verifyingTheFilterPerfusionType" time="0.0" classname="com.testCases.CrossBrowserTesting">
    <ignored/>
  </testcase> <!-- verifyingTheFilterPerfusionType -->
  <testcase name="usersDoctorsImportValidation" time="0.0" classname="com.testCases.CrossBrowserTesting">
    <ignored/>
  </testcase> <!-- usersDoctorsImportValidation -->
  <testcase name="createingNewRecordAllergicsreaction" time="0.0" classname="com.testCases.CrossBrowserTesting">
    <ignored/>
  </testcase> <!-- createingNewRecordAllergicsreaction -->
  <testcase name="navigateToEmergencyInitialPrescription" time="0.0" classname="com.testCases.CrossBrowserTesting">
    <ignored/>
  </testcase> <!-- navigateToEmergencyInitialPrescription -->
  <testcase name="duplicateErrorValiadtionReorientedDepartureReasonforRefusal" time="0.0" classname="com.testCases.CrossBrowserTesting">
    <ignored/>
  </testcase> <!-- duplicateErrorValiadtionReorientedDepartureReasonforRefusal -->
  <testcase name="duplicateErrorValiadtionHeartrateQualitative" time="0.0" classname="com.testCases.CrossBrowserTesting">
    <ignored/>
  </testcase> <!-- duplicateErrorValiadtionHeartrateQualitative -->
  <testcase name="sortingAndDeletingDiet" time="0.0" classname="com.testCases.CrossBrowserTesting">
    <ignored/>
  </testcase> <!-- sortingAndDeletingDiet -->
  <testcase name="createingNewRecordEmergencyInitialPrescription" time="0.0" classname="com.testCases.CrossBrowserTesting">
    <ignored/>
  </testcase> <!-- createingNewRecordEmergencyInitialPrescription -->
  <testcase name="navigateToConsultant" time="0.0" classname="com.testCases.CrossBrowserTesting">
    <ignored/>
  </testcase> <!-- navigateToConsultant -->
  <testcase name="navigateToClinicalDossier" time="0.0" classname="com.testCases.CrossBrowserTesting">
    <ignored/>
  </testcase> <!-- navigateToClinicalDossier -->
  <testcase name="navigateToLWBSReasons" time="0.0" classname="com.testCases.CrossBrowserTesting">
    <ignored/>
  </testcase> <!-- navigateToLWBSReasons -->
  <testcase name="rolesAndControlpoints" time="0.0" classname="com.testCases.CrossBrowserTesting">
    <ignored/>
  </testcase> <!-- rolesAndControlpoints -->
  <testcase name="navigateToConsultationPlanning" time="0.0" classname="com.testCases.CrossBrowserTesting">
    <ignored/>
  </testcase> <!-- navigateToConsultationPlanning -->
  <testcase name="clinicalServicesValidation" time="0.0" classname="com.testCases.CrossBrowserTesting">
    <ignored/>
  </testcase> <!-- clinicalServicesValidation -->
  <testcase name="createingNewRecordDiet" time="0.0" classname="com.testCases.CrossBrowserTesting">
    <ignored/>
  </testcase> <!-- createingNewRecordDiet -->
  <testcase name="sortingAndDeletingBloodpressureQualitative" time="0.0" classname="com.testCases.CrossBrowserTesting">
    <ignored/>
  </testcase> <!-- sortingAndDeletingBloodpressureQualitative -->
  <testcase name="duplicateErrorValiadtionAllergicsreaction" time="0.0" classname="com.testCases.CrossBrowserTesting">
    <ignored/>
  </testcase> <!-- duplicateErrorValiadtionAllergicsreaction -->
  <testcase name="listOfQuickPrescriptionItems_filterRecords" time="0.0" classname="com.testCases.CrossBrowserTesting">
    <ignored/>
  </testcase> <!-- listOfQuickPrescriptionItems_filterRecords -->
  <testcase name="sortingAndDeletingSensitivitytoAllergens" time="0.0" classname="com.testCases.CrossBrowserTesting">
    <ignored/>
  </testcase> <!-- sortingAndDeletingSensitivitytoAllergens -->
  <testcase name="StationAlarmManagementRecord_creation" time="0.0" classname="com.testCases.CrossBrowserTesting">
    <ignored/>
  </testcase> <!-- StationAlarmManagementRecord_creation -->
  <testcase name="navigateToLeavingmedicationt" time="0.0" classname="com.testCases.CrossBrowserTesting">
    <ignored/>
  </testcase> <!-- navigateToLeavingmedicationt -->
  <testcase name="createingNewRecordAbsencereasonsColors" time="0.0" classname="com.testCases.CrossBrowserTesting">
    <ignored/>
  </testcase> <!-- createingNewRecordAbsencereasonsColors -->
  <testcase name="createingNewRecordActivitiesforPABworkplan" time="0.0" classname="com.testCases.CrossBrowserTesting">
    <ignored/>
  </testcase> <!-- createingNewRecordActivitiesforPABworkplan -->
  <testcase name="navigateToReturnVisitTicket" time="0.0" classname="com.testCases.CrossBrowserTesting">
    <ignored/>
  </testcase> <!-- navigateToReturnVisitTicket -->
  <testcase name="createingNewRecordOrdonnanceInterne" time="0.0" classname="com.testCases.CrossBrowserTesting">
    <ignored/>
  </testcase> <!-- createingNewRecordOrdonnanceInterne -->
  <testcase name="consultantCall_Creation" time="0.0" classname="com.testCases.CrossBrowserTesting">
    <ignored/>
  </testcase> <!-- consultantCall_Creation -->
  <testcase name="sortingAndDeletingActivitiesforPABworkplan" time="0.0" classname="com.testCases.CrossBrowserTesting">
    <ignored/>
  </testcase> <!-- sortingAndDeletingActivitiesforPABworkplan -->
  <testcase name="createingNewRecordReorientedDepartureAlternativeRessource" time="0.0" classname="com.testCases.CrossBrowserTesting">
    <ignored/>
  </testcase> <!-- createingNewRecordReorientedDepartureAlternativeRessource -->
  <testcase name="navigateToCriticalPatients" time="0.0" classname="com.testCases.CrossBrowserTesting">
    <ignored/>
  </testcase> <!-- navigateToCriticalPatients -->
  <testcase name="validatingColumnsTriagecomplaintsconfigurationpediatrics" time="0.0" classname="com.testCases.CrossBrowserTesting">
    <ignored/>
  </testcase> <!-- validatingColumnsTriagecomplaintsconfigurationpediatrics -->
  <testcase name="sortingAndDeletingProvenance" time="0.0" classname="com.testCases.CrossBrowserTesting">
    <ignored/>
  </testcase> <!-- sortingAndDeletingProvenance -->
  <testcase name="verifyingTheFilter" time="0.0" classname="com.testCases.CrossBrowserTesting">
    <ignored/>
  </testcase> <!-- verifyingTheFilter -->
  <testcase name="createingNewRecordClinicalDossier" time="0.0" classname="com.testCases.CrossBrowserTesting">
    <ignored/>
  </testcase> <!-- createingNewRecordClinicalDossier -->
  <testcase name="perfusionSpecification_filterRecords" time="0.0" classname="com.testCases.CrossBrowserTesting">
    <ignored/>
  </testcase> <!-- perfusionSpecification_filterRecords -->
  <testcase name="navigateToDiet" time="0.0" classname="com.testCases.CrossBrowserTesting">
    <ignored/>
  </testcase> <!-- navigateToDiet -->
  <testcase name="navigateToTemperatureQualitative" time="0.0" classname="com.testCases.CrossBrowserTesting">
    <ignored/>
  </testcase> <!-- navigateToTemperatureQualitative -->
  <testcase name="sortingAndDeletingAbsenceReasonsScreeninTools" time="0.0" classname="com.testCases.CrossBrowserTesting">
    <ignored/>
  </testcase> <!-- sortingAndDeletingAbsenceReasonsScreeninTools -->
  <testcase name="createingNewRecordBloodpressureQualitative" time="0.0" classname="com.testCases.CrossBrowserTesting">
    <ignored/>
  </testcase> <!-- createingNewRecordBloodpressureQualitative -->
  <testcase name="createingNewRecordHeartrateQualitative" time="0.0" classname="com.testCases.CrossBrowserTesting">
    <ignored/>
  </testcase> <!-- createingNewRecordHeartrateQualitative -->
  <testcase name="AH280_AdditionalInformation_Validation" time="0.0" classname="com.testCases.CrossBrowserTesting">
    <ignored/>
  </testcase> <!-- AH280_AdditionalInformation_Validation -->
  <testcase name="codeColumnsValidationRespiratoryrateQualitative" time="0.0" classname="com.testCases.CrossBrowserTesting">
    <ignored/>
  </testcase> <!-- codeColumnsValidationRespiratoryrateQualitative -->
  <testcase name="sortingAndDeletingReasonsForCodeOrange" time="0.0" classname="com.testCases.CrossBrowserTesting">
    <ignored/>
  </testcase> <!-- sortingAndDeletingReasonsForCodeOrange -->
  <testcase name="verifyingTheFilterExam" time="0.0" classname="com.testCases.CrossBrowserTesting">
    <ignored/>
  </testcase> <!-- verifyingTheFilterExam -->
  <testcase name="listOfProtocols_Diet" time="0.0" classname="com.testCases.CrossBrowserTesting">
    <ignored/>
  </testcase> <!-- listOfProtocols_Diet -->
  <testcase name="listOfQuickPrescriptionSection_Validation" time="0.0" classname="com.testCases.CrossBrowserTesting">
    <ignored/>
  </testcase> <!-- listOfQuickPrescriptionSection_Validation -->
  <testcase name="navigateToSeverity" time="0.0" classname="com.testCases.CrossBrowserTesting">
    <ignored/>
  </testcase> <!-- navigateToSeverity -->
  <testcase name="navigateToTriagecomplaintsconfigurationpediatrics" time="0.0" classname="com.testCases.CrossBrowserTesting">
    <ignored/>
  </testcase> <!-- navigateToTriagecomplaintsconfigurationpediatrics -->
  <testcase name="creatingNewRecordSpecialActivitiesConfiguration" time="0.0" classname="com.testCases.CrossBrowserTesting">
    <ignored/>
  </testcase> <!-- creatingNewRecordSpecialActivitiesConfiguration -->
  <testcase name="sortingAndDeleting_StrBedCat" time="0.0" classname="com.testCases.CrossBrowserTesting">
    <ignored/>
  </testcase> <!-- sortingAndDeleting_StrBedCat -->
  <testcase name="frequency_Validation" time="0.0" classname="com.testCases.CrossBrowserTesting">
    <ignored/>
  </testcase> <!-- frequency_Validation -->
  <testcase name="createingNewRecordRapDepistage5" time="0.0" classname="com.testCases.CrossBrowserTesting">
    <ignored/>
  </testcase> <!-- createingNewRecordRapDepistage5 -->
  <testcase name="navigateToReturnhomeReferredServices" time="0.0" classname="com.testCases.CrossBrowserTesting">
    <ignored/>
  </testcase> <!-- navigateToReturnhomeReferredServices -->
  <testcase name="navigateToRespiratoryrateQualitative" time="0.0" classname="com.testCases.CrossBrowserTesting">
    <ignored/>
  </testcase> <!-- navigateToRespiratoryrateQualitative -->
  <testcase name="alarmPriorityAndColorManagementValidation" time="0.0" classname="com.testCases.CrossBrowserTesting">
    <ignored/>
  </testcase> <!-- alarmPriorityAndColorManagementValidation -->
  <testcase name="perfusionSpecification_Validation" time="0.0" classname="com.testCases.CrossBrowserTesting">
    <ignored/>
  </testcase> <!-- perfusionSpecification_Validation -->
  <testcase name="Interveners_Validation" time="0.0" classname="com.testCases.CrossBrowserTesting">
    <ignored/>
  </testcase> <!-- Interveners_Validation -->
  <testcase name="listOfProtocols_Medicaments" time="0.0" classname="com.testCases.CrossBrowserTesting">
    <ignored/>
  </testcase> <!-- listOfProtocols_Medicaments -->
  <testcase name="activitiesCancelReasonsValidation" time="0.0" classname="com.testCases.CrossBrowserTesting">
    <ignored/>
  </testcase> <!-- activitiesCancelReasonsValidation -->
  <testcase name="duplicateErrorValiadtionTemperatureQualitative" time="0.0" classname="com.testCases.CrossBrowserTesting">
    <ignored/>
  </testcase> <!-- duplicateErrorValiadtionTemperatureQualitative -->
  <testcase name="listOfLinksSheetSection_filterRecords" time="0.0" classname="com.testCases.CrossBrowserTesting">
    <ignored/>
  </testcase> <!-- listOfLinksSheetSection_filterRecords -->
  <testcase name="filterRecords_Schedule" time="0.0" classname="com.testCases.CrossBrowserTesting">
    <ignored/>
  </testcase> <!-- filterRecords_Schedule -->
  <testcase name="sortingAndDeletingTemperatureQualitative" time="0.0" classname="com.testCases.CrossBrowserTesting">
    <ignored/>
  </testcase> <!-- sortingAndDeletingTemperatureQualitative -->
  <testcase name="DomainConfiguration_Validation" time="0.0" classname="com.testCases.CrossBrowserTesting">
    <ignored/>
  </testcase> <!-- DomainConfiguration_Validation -->
  <testcase name="createingNewRecordLWBSReasons" time="0.0" classname="com.testCases.CrossBrowserTesting">
    <ignored/>
  </testcase> <!-- createingNewRecordLWBSReasons -->
  <testcase name="ElementsNoteWordFormUIValidation" time="0.0" classname="com.testCases.CrossBrowserTesting">
    <ignored/>
  </testcase> <!-- ElementsNoteWordFormUIValidation -->
  <testcase name="createingNewRecordTransferTransportation" time="0.0" classname="com.testCases.CrossBrowserTesting">
    <ignored/>
  </testcase> <!-- createingNewRecordTransferTransportation -->
  <testcase name="DestinationAfterTriageValidation" time="0.0" classname="com.testCases.CrossBrowserTesting">
    <ignored/>
  </testcase> <!-- DestinationAfterTriageValidation -->
  <testcase name="currentPatientsActiveAlarm_Screen" time="0.0" classname="com.testCases.CrossBrowserTesting">
    <ignored/>
  </testcase> <!-- currentPatientsActiveAlarm_Screen -->
  <testcase name="validatingTheError" time="0.0" classname="com.testCases.CrossBrowserTesting">
    <ignored/>
  </testcase> <!-- validatingTheError -->
  <testcase name="duplicateErrorValiadtionTransferEscort" time="0.0" classname="com.testCases.CrossBrowserTesting">
    <ignored/>
  </testcase> <!-- duplicateErrorValiadtionTransferEscort -->
  <testcase name="duplicateRecordReorientedDepartureAlternativeRessource" time="0.0" classname="com.testCases.CrossBrowserTesting">
    <ignored/>
  </testcase> <!-- duplicateRecordReorientedDepartureAlternativeRessource -->
  <testcase name="OACISAdditionalInformation_Validation" time="0.0" classname="com.testCases.CrossBrowserTesting">
    <ignored/>
  </testcase> <!-- OACISAdditionalInformation_Validation -->
  <testcase name="sortingAndDeletingCategory" time="0.0" classname="com.testCases.CrossBrowserTesting">
    <ignored/>
  </testcase> <!-- sortingAndDeletingCategory -->
  <testcase name="navigateToTransferEscort" time="0.0" classname="com.testCases.CrossBrowserTesting">
    <ignored/>
  </testcase> <!-- navigateToTransferEscort -->
  <testcase name="navigateToBloodpressureQualitative" time="0.0" classname="com.testCases.CrossBrowserTesting">
    <ignored/>
  </testcase> <!-- navigateToBloodpressureQualitative -->
  <testcase name="duplicateErrorValiadtionOxygenadministrationflow" time="0.0" classname="com.testCases.CrossBrowserTesting">
    <ignored/>
  </testcase> <!-- duplicateErrorValiadtionOxygenadministrationflow -->
  <testcase name="filterElementsNoteWordForm" time="0.0" classname="com.testCases.CrossBrowserTesting">
    <ignored/>
  </testcase> <!-- filterElementsNoteWordForm -->
  <testcase name="navigateToSensitivitytoAllergens" time="0.0" classname="com.testCases.CrossBrowserTesting">
    <ignored/>
  </testcase> <!-- navigateToSensitivitytoAllergens -->
  <testcase name="createingNewRecordReasonsForCodeOrange" time="0.0" classname="com.testCases.CrossBrowserTesting">
    <ignored/>
  </testcase> <!-- createingNewRecordReasonsForCodeOrange -->
  <testcase name="ConsultantCall_filterRecords" time="0.0" classname="com.testCases.CrossBrowserTesting">
    <ignored/>
  </testcase> <!-- ConsultantCall_filterRecords -->
  <testcase name="VerifyingTheErrorsDosagegroups" time="0.0" classname="com.testCases.CrossBrowserTesting">
    <ignored/>
  </testcase> <!-- VerifyingTheErrorsDosagegroups -->
  <testcase name="navigateToVentilators" time="0.0" classname="com.testCases.CrossBrowserTesting">
    <ignored/>
  </testcase> <!-- navigateToVentilators -->
  <testcase name="paymentResponsibilityValidation" time="0.0" classname="com.testCases.CrossBrowserTesting">
    <ignored/>
  </testcase> <!-- paymentResponsibilityValidation -->
  <testcase name="navigateToHeartrateQualitative" time="0.0" classname="com.testCases.CrossBrowserTesting">
    <ignored/>
  </testcase> <!-- navigateToHeartrateQualitative -->
  <testcase name="AlarmAndNOSOValidation" time="0.0" classname="com.testCases.CrossBrowserTesting">
    <ignored/>
  </testcase> <!-- AlarmAndNOSOValidation -->
  <testcase name="filterRecords_diagnosis" time="0.0" classname="com.testCases.CrossBrowserTesting">
    <ignored/>
  </testcase> <!-- filterRecords_diagnosis -->
  <testcase name="departurePrintManagement_Validation" time="0.0" classname="com.testCases.CrossBrowserTesting">
    <ignored/>
  </testcase> <!-- departurePrintManagement_Validation -->
  <testcase name="filterRecords_OWordBookmarkManagement" time="0.0" classname="com.testCases.CrossBrowserTesting">
    <ignored/>
  </testcase> <!-- filterRecords_OWordBookmarkManagement -->
  <testcase name="createingNewRecord1" time="0.0" classname="com.testCases.CrossBrowserTesting">
    <ignored/>
  </testcase> <!-- createingNewRecord1 -->
  <testcase name="navigateToProvenance" time="0.0" classname="com.testCases.CrossBrowserTesting">
    <ignored/>
  </testcase> <!-- navigateToProvenance -->
  <testcase name="navigateToSpecialActivitiesConfigurationScreen" time="0.0" classname="com.testCases.CrossBrowserTesting">
    <ignored/>
  </testcase> <!-- navigateToSpecialActivitiesConfigurationScreen -->
  <testcase name="navigateToRapDepistage5" time="0.0" classname="com.testCases.CrossBrowserTesting">
    <ignored/>
  </testcase> <!-- navigateToRapDepistage5 -->
  <testcase name="navigateToReturnhomeTypesofdischarge" time="0.0" classname="com.testCases.CrossBrowserTesting">
    <ignored/>
  </testcase> <!-- navigateToReturnhomeTypesofdischarge -->
  <testcase name="codeColumnsValidationReturnVisitReasons" time="0.0" classname="com.testCases.CrossBrowserTesting">
    <ignored/>
  </testcase> <!-- codeColumnsValidationReturnVisitReasons -->
  <testcase name="BriefAssessment_Validation" time="0.0" classname="com.testCases.CrossBrowserTesting">
    <ignored/>
  </testcase> <!-- BriefAssessment_Validation -->
  <testcase name="createElementsNoteWordForm" time="0.0" classname="com.testCases.CrossBrowserTesting">
    <ignored/>
  </testcase> <!-- createElementsNoteWordForm -->
  <testcase name="createingNewRecordProvenance" time="0.0" classname="com.testCases.CrossBrowserTesting">
    <ignored/>
  </testcase> <!-- createingNewRecordProvenance -->
  <testcase name="sortingAndDeletingStretcherBed" time="0.0" classname="com.testCases.CrossBrowserTesting">
    <ignored/>
  </testcase> <!-- sortingAndDeletingStretcherBed -->
  <testcase name="createingNewRecordReturnVisitTicket" time="0.0" classname="com.testCases.CrossBrowserTesting">
    <ignored/>
  </testcase> <!-- createingNewRecordReturnVisitTicket -->
  <testcase name="sortingAndDeletingReorientedDepartureReasonforRefusal" time="0.0" classname="com.testCases.CrossBrowserTesting">
    <ignored/>
  </testcase> <!-- sortingAndDeletingReorientedDepartureReasonforRefusal -->
  <testcase name="sortingAndDeletingInformationsources" time="0.0" classname="com.testCases.CrossBrowserTesting">
    <ignored/>
  </testcase> <!-- sortingAndDeletingInformationsources -->
  <testcase name="createingNewRecordGasResultsCorrespondence" time="0.0" classname="com.testCases.CrossBrowserTesting">
    <ignored/>
  </testcase> <!-- createingNewRecordGasResultsCorrespondence -->
  <testcase name="navigateToClinicalstatus" time="0.0" classname="com.testCases.CrossBrowserTesting">
    <ignored/>
  </testcase> <!-- navigateToClinicalstatus -->
  <testcase name="configurationrReasonsForCodeOrange" time="0.0" classname="com.testCases.CrossBrowserTesting">
    <ignored/>
  </testcase> <!-- configurationrReasonsForCodeOrange -->
  <testcase name="verifyingThecolumns" time="0.0" classname="com.testCases.CrossBrowserTesting">
    <ignored/>
  </testcase> <!-- verifyingThecolumns -->
  <testcase name="duplicateErrorValiadtionClinicalstatus" time="0.0" classname="com.testCases.CrossBrowserTesting">
    <ignored/>
  </testcase> <!-- duplicateErrorValiadtionClinicalstatus -->
  <testcase name="filterRecords_Interveners" time="0.0" classname="com.testCases.CrossBrowserTesting">
    <ignored/>
  </testcase> <!-- filterRecords_Interveners -->
  <testcase name="navigateTotheDoctor" time="0.0" classname="com.testCases.CrossBrowserTesting">
    <ignored/>
  </testcase> <!-- navigateTotheDoctor -->
  <testcase name="navigateToSpecialActivitiesAssociationScreen" time="0.0" classname="com.testCases.CrossBrowserTesting">
    <ignored/>
  </testcase> <!-- navigateToSpecialActivitiesAssociationScreen -->
  <testcase name="listOfLinksSheetSection_Validation" time="0.0" classname="com.testCases.CrossBrowserTesting">
    <ignored/>
  </testcase> <!-- listOfLinksSheetSection_Validation -->
  <testcase name="navigateToOxygenadministrationflow" time="0.0" classname="com.testCases.CrossBrowserTesting">
    <ignored/>
  </testcase> <!-- navigateToOxygenadministrationflow -->
  <testcase name="navigateToTriage" time="0.0" classname="com.testCases.CrossBrowserTesting">
    <ignored/>
  </testcase> <!-- navigateToTriage -->
  <testcase name="sortingAndDeletingLWBSReasons" time="0.0" classname="com.testCases.CrossBrowserTesting">
    <ignored/>
  </testcase> <!-- sortingAndDeletingLWBSReasons -->
  <testcase name="createingNewRecordReturnhomeTypesofdischarge" time="0.0" classname="com.testCases.CrossBrowserTesting">
    <ignored/>
  </testcase> <!-- createingNewRecordReturnhomeTypesofdischarge -->
  <testcase name="VerifyingTheErrorsPerfusionType" time="0.0" classname="com.testCases.CrossBrowserTesting">
    <ignored/>
  </testcase> <!-- VerifyingTheErrorsPerfusionType -->
  <testcase name="duplicateErrorValiadtionBloodpressureQualitative" time="0.0" classname="com.testCases.CrossBrowserTesting">
    <ignored/>
  </testcase> <!-- duplicateErrorValiadtionBloodpressureQualitative -->
  <testcase name="diagnosisValidation" time="0.0" classname="com.testCases.CrossBrowserTesting">
    <ignored/>
  </testcase> <!-- diagnosisValidation -->
  <testcase name="duplicateErrorValiadtionAbsenceReasonsScreeninTools" time="0.0" classname="com.testCases.CrossBrowserTesting">
    <ignored/>
  </testcase> <!-- duplicateErrorValiadtionAbsenceReasonsScreeninTools -->
  <testcase name="navigateToTransferPatientlist" time="0.0" classname="com.testCases.CrossBrowserTesting">
    <ignored/>
  </testcase> <!-- navigateToTransferPatientlist -->
  <testcase name="listOfQuickPrescriptionItems_Validation" time="0.0" classname="com.testCases.CrossBrowserTesting">
    <ignored/>
  </testcase> <!-- listOfQuickPrescriptionItems_Validation -->
  <testcase name="Score_filterRecords" time="0.0" classname="com.testCases.CrossBrowserTesting">
    <ignored/>
  </testcase> <!-- Score_filterRecords -->
  <testcase name="createingNewRecordReturnVisitReasons" time="0.0" classname="com.testCases.CrossBrowserTesting">
    <ignored/>
  </testcase> <!-- createingNewRecordReturnVisitReasons -->
  <testcase name="perfusionSite_Validation" time="0.0" classname="com.testCases.CrossBrowserTesting">
    <ignored/>
  </testcase> <!-- perfusionSite_Validation -->
  <testcase name="addingDomain" time="0.0" classname="com.testCases.CrossBrowserTesting">
    <ignored/>
  </testcase> <!-- addingDomain -->
  <testcase name="controlpointsANdRoles" time="0.0" classname="com.testCases.CrossBrowserTesting">
    <ignored/>
  </testcase> <!-- controlpointsANdRoles -->
  <testcase name="navigateToReturnVisitReasons" time="0.0" classname="com.testCases.CrossBrowserTesting">
    <ignored/>
  </testcase> <!-- navigateToReturnVisitReasons -->
  <testcase name="duplicateAndResidentDoctor" time="0.0" classname="com.testCases.CrossBrowserTesting">
    <ignored/>
  </testcase> <!-- duplicateAndResidentDoctor -->
  <testcase name="codeColumnsValidationDischargePlanningstatus" time="0.0" classname="com.testCases.CrossBrowserTesting">
    <ignored/>
  </testcase> <!-- codeColumnsValidationDischargePlanningstatus -->
  <testcase name="navigateToReasonsofConsultation" time="0.0" classname="com.testCases.CrossBrowserTesting">
    <ignored/>
  </testcase> <!-- navigateToReasonsofConsultation -->
  <testcase name="createingNewRecordVitalSigns" time="0.0" classname="com.testCases.CrossBrowserTesting">
    <ignored/>
  </testcase> <!-- createingNewRecordVitalSigns -->
  <testcase name="createingNewRecordAH280" time="0.0" classname="com.testCases.CrossBrowserTesting">
    <ignored/>
  </testcase> <!-- createingNewRecordAH280 -->
  <testcase name="createingNewRecordRespiratoryrateQualitative" time="0.0" classname="com.testCases.CrossBrowserTesting">
    <ignored/>
  </testcase> <!-- createingNewRecordRespiratoryrateQualitative -->
  <testcase name="createingNewRecordTriage" time="0.0" classname="com.testCases.CrossBrowserTesting">
    <ignored/>
  </testcase> <!-- createingNewRecordTriage -->
  <testcase name="createingNewRecordScreeningToolsConfiguration" time="0.0" classname="com.testCases.CrossBrowserTesting">
    <ignored/>
  </testcase> <!-- createingNewRecordScreeningToolsConfiguration -->
  <testcase name="VerifyingTheErrorsExam" time="0.0" classname="com.testCases.CrossBrowserTesting">
    <ignored/>
  </testcase> <!-- VerifyingTheErrorsExam -->
  <testcase name="filterRecords_StretcherBed" time="0.0" classname="com.testCases.CrossBrowserTesting">
    <ignored/>
  </testcase> <!-- filterRecords_StretcherBed -->
  <testcase name="verifyProtocolConfiguration" time="0.0" classname="com.testCases.CrossBrowserTesting">
    <ignored/>
  </testcase> <!-- verifyProtocolConfiguration -->
  <testcase name="navigateToNeurologicalSigns" time="0.0" classname="com.testCases.CrossBrowserTesting">
    <ignored/>
  </testcase> <!-- navigateToNeurologicalSigns -->
  <testcase name="deafaultRouteAndFrequencyValidation" time="0.0" classname="com.testCases.CrossBrowserTesting">
    <ignored/>
  </testcase> <!-- deafaultRouteAndFrequencyValidation -->
  <testcase name="createingNewRecordHospitalizationReasonforcancellation" time="0.0" classname="com.testCases.CrossBrowserTesting">
    <ignored/>
  </testcase> <!-- createingNewRecordHospitalizationReasonforcancellation -->
  <testcase name="stretcherBedCategories" time="0.0" classname="com.testCases.CrossBrowserTesting">
    <ignored/>
  </testcase> <!-- stretcherBedCategories -->
  <testcase name="createingNewRecordInstitutionmissions" time="0.0" classname="com.testCases.CrossBrowserTesting">
    <ignored/>
  </testcase> <!-- createingNewRecordInstitutionmissions -->
  <testcase name="checkDomainErrorMessage" time="0.0" classname="com.testCases.CrossBrowserTesting">
    <ignored/>
  </testcase> <!-- checkDomainErrorMessage -->
  <testcase name="verifyingTheFilterDosagegroups" time="0.0" classname="com.testCases.CrossBrowserTesting">
    <ignored/>
  </testcase> <!-- verifyingTheFilterDosagegroups -->
  <testcase name="createingNewRecordDischargeOrder" time="0.0" classname="com.testCases.CrossBrowserTesting">
    <ignored/>
  </testcase> <!-- createingNewRecordDischargeOrder -->
  <testcase name="listOfQuickPrescriptionSheet_Validation" time="0.0" classname="com.testCases.CrossBrowserTesting">
    <ignored/>
  </testcase> <!-- listOfQuickPrescriptionSheet_Validation -->
  <testcase name="createingNewRecordIntakeOutput" time="0.0" classname="com.testCases.CrossBrowserTesting">
    <ignored/>
  </testcase> <!-- createingNewRecordIntakeOutput -->
  <testcase name="sortingAndDeletingAllergicsreaction" time="0.0" classname="com.testCases.CrossBrowserTesting">
    <ignored/>
  </testcase> <!-- sortingAndDeletingAllergicsreaction -->
  <testcase name="sortingAndDeletingReturnhomeReferredServices" time="0.0" classname="com.testCases.CrossBrowserTesting">
    <ignored/>
  </testcase> <!-- sortingAndDeletingReturnhomeReferredServices -->
</testsuite> <!-- ChromeTest -->
